<?xml version="1.0" encoding="UTF-8"?>
<!-- Generated by org.testng.reporters.JUnitReportReporter -->
<testsuite skipped="0" hostname="LAPTOP-JVD1LLMC" name="suiteA.TestA2" tests="1" failures="0" timestamp="2021-11-16T02:07:17 IST" time="4.010" errors="0">
  <testcase name="f" time="4.010" classname="suiteA.TestA2"/>
  <system-out/>
</testsuite> <!-- suiteA.TestA2 -->
