<?xml version="1.0" encoding="UTF-8"?>
<!-- Generated by org.testng.reporters.JUnitReportReporter -->
<testsuite skipped="0" hostname="LAPTOP-JVD1LLMC" name="switches.javaScript_alert" tests="1" failures="0" timestamp="24 Jan 2022 15:41:41 GMT" time="26.043" errors="0">
  <testcase name="f" time="26.043" classname="switches.javaScript_alert"/>
</testsuite> <!-- switches.javaScript_alert -->
