<?xml version="1.0" encoding="UTF-8"?>
<!-- Generated by org.testng.reporters.JUnitReportReporter -->
<testsuite skipped="0" hostname="LAPTOP-JVD1LLMC" name="suiteB.TestB1" tests="1" failures="0" timestamp="2021-11-16T02:07:17 IST" time="4.006" errors="0">
  <testcase name="f" time="4.006" classname="suiteB.TestB1"/>
  <system-out/>
</testsuite> <!-- suiteB.TestB1 -->
