<?xml version="1.0" encoding="UTF-8"?>
<!-- Generated by org.testng.reporters.JUnitReportReporter -->
<testsuite skipped="0" hostname="LAPTOP-JVD1LLMC" name="switches.HtmlSwitchalert" tests="1" failures="0" timestamp="24 Jan 2022 18:15:31 GMT" time="9.888" errors="0">
  <testcase name="f" time="9.888" classname="switches.HtmlSwitchalert"/>
</testsuite> <!-- switches.HtmlSwitchalert -->
