<?xml version="1.0" encoding="UTF-8"?>
<!-- Generated by org.testng.reporters.JUnitReportReporter -->
<testsuite skipped="0" hostname="LAPTOP-JVD1LLMC" name="com.project.TNG_004" tests="8" failures="0" timestamp="2021-11-15T02:31:56 IST" time="0.026" errors="0">
  <testcase name="test1" time="0.005" classname="com.project.TNG_004"/>
  <system-out/>
  <testcase name="test4" time="0.005" classname="com.project.TNG_004"/>
  <system-out/>
  <testcase name="test4" time="0.001" classname="com.project.TNG_004"/>
  <system-out/>
  <testcase name="test1" time="0.001" classname="com.project.TNG_004"/>
  <system-out/>
  <testcase name="test3" time="0.005" classname="com.project.TNG_004"/>
  <system-out/>
  <testcase name="test2" time="0.005" classname="com.project.TNG_004"/>
  <system-out/>
  <testcase name="test3" time="0.002" classname="com.project.TNG_004"/>
  <system-out/>
  <testcase name="test2" time="0.002" classname="com.project.TNG_004"/>
  <system-out/>
</testsuite> <!-- com.project.TNG_004 -->
