<?xml version="1.0" encoding="UTF-8"?>
<!-- Generated by org.testng.reporters.JUnitReportReporter -->
<testsuite skipped="0" hostname="LAPTOP-JVD1LLMC" name="com.project.TNG_001" tests="2" failures="0" timestamp="2021-11-14T23:04:21 IST" time="0.003" errors="0">
  <testcase name="f" time="0.002" classname="com.project.TNG_001"/>
  <system-out/>
  <testcase name="f" time="0.001" classname="com.project.TNG_001"/>
  <system-out/>
</testsuite> <!-- com.project.TNG_001 -->
