<?xml version="1.0" encoding="UTF-8"?>
<!-- Generated by org.testng.reporters.JUnitReportReporter -->
<testsuite skipped="0" hostname="LAPTOP-JVD1LLMC" name="suiteB.TestB3" tests="1" failures="0" timestamp="2021-11-16T02:07:17 IST" time="4.012" errors="0">
  <testcase name="f" time="4.012" classname="suiteB.TestB3"/>
  <system-out/>
</testsuite> <!-- suiteB.TestB3 -->
