<?xml version="1.0" encoding="UTF-8"?>
<!-- Generated by org.testng.reporters.JUnitReportReporter -->
<testsuite skipped="1" hostname="LAPTOP-JVD1LLMC" name="excelDataDriven.DataManagementWithHashTable" tests="1" failures="0" timestamp="16 Jan 2022 20:12:06 GMT" time="0.000" errors="0">
  <testcase name="f" time="0.000" classname="excelDataDriven.DataManagementWithHashTable">
    <skipped/>
  </testcase> <!-- f -->
</testsuite> <!-- excelDataDriven.DataManagementWithHashTable -->
