<?xml version="1.0" encoding="UTF-8"?>
<!-- Generated by org.testng.reporters.JUnitReportReporter -->
<testsuite skipped="0" hostname="LAPTOP-JVD1LLMC" name="pageObjectModel.POM_001" tests="1" failures="0" timestamp="18 Jan 2022 20:15:52 GMT" time="21.777" errors="0">
  <testcase name="f" time="21.777" classname="pageObjectModel.POM_001"/>
</testsuite> <!-- pageObjectModel.POM_001 -->
