<?xml version="1.0" encoding="UTF-8"?>
<!-- Generated by org.testng.reporters.JUnitReportReporter -->
<testsuite skipped="1" hostname="LAPTOP-JVD1LLMC" name="excelDataDriven.DataManagementwithDataprovider" tests="1" failures="0" timestamp="16 Jan 2022 19:20:04 GMT" time="0.000" errors="0">
  <testcase name="f" time="0.000" classname="excelDataDriven.DataManagementwithDataprovider">
    <skipped/>
  </testcase> <!-- f -->
</testsuite> <!-- excelDataDriven.DataManagementwithDataprovider -->
