<?xml version="1.0" encoding="UTF-8"?>
<!-- Generated by org.testng.reporters.JUnitReportReporter -->
<testsuite skipped="0" hostname="LAPTOP-JVD1LLMC" name="com.project.CheckBox_1" tests="1" failures="0" timestamp="2021-11-16T03:11:48 IST" time="6.606" errors="0">
  <testcase name="f" time="6.606" classname="com.project.CheckBox_1"/>
  <system-out/>
</testsuite> <!-- com.project.CheckBox_1 -->
